<?xml version="1.0" encoding="UTF-8"?>
<robot generator="Robot 3.2.2 (Python 3.9.6 on win32)" generated="20210719 11:12:19.066" rpa="false">
<suite id="s1" name="Robot2" source="D:\Users\uthodiam\Desktop\Eclipse_WorkSpace\Robot2">
<suite id="s1-s1" name="Robot2" source="D:\Users\uthodiam\Desktop\Eclipse_WorkSpace\Robot2\Robot2">
<suite id="s1-s1-s1" name="Robot TestSuit" source="D:\Users\uthodiam\Desktop\Eclipse_WorkSpace\Robot2\Robot2\Robot_TestSuit.robot">
<kw name="Log" library="BuiltIn" type="setup">
<doc>Logs the given message with the given level.</doc>
<arguments>
<arg>I am inside Test Suit Setup</arg>
</arguments>
<msg timestamp="20210719 11:12:19.474" level="INFO">I am inside Test Suit Setup</msg>
<status status="PASS" starttime="20210719 11:12:19.474" endtime="20210719 11:12:19.474"></status>
</kw>
<test id="s1-s1-s1-t1" name="MyFiestTest">
<kw name="Log" library="BuiltIn" type="setup">
<doc>Logs the given message with the given level.</doc>
<arguments>
<arg>I am inside Test Setup</arg>
</arguments>
<msg timestamp="20210719 11:12:19.475" level="INFO">I am inside Test Setup</msg>
<status status="PASS" starttime="20210719 11:12:19.475" endtime="20210719 11:12:19.475"></status>
</kw>
<kw name="Log" library="BuiltIn">
<doc>Logs the given message with the given level.</doc>
<arguments>
<arg>Hi Uday</arg>
</arguments>
<msg timestamp="20210719 11:12:19.476" level="INFO">Hi Uday</msg>
<status status="PASS" starttime="20210719 11:12:19.476" endtime="20210719 11:12:19.476"></status>
</kw>
<kw name="Log" library="BuiltIn" type="teardown">
<doc>Logs the given message with the given level.</doc>
<arguments>
<arg>I am inside Test Teardown</arg>
</arguments>
<msg timestamp="20210719 11:12:19.476" level="INFO">I am inside Test Teardown</msg>
<status status="PASS" starttime="20210719 11:12:19.476" endtime="20210719 11:12:19.476"></status>
</kw>
<status status="PASS" starttime="20210719 11:12:19.474" endtime="20210719 11:12:19.477" critical="yes"></status>
</test>
<test id="s1-s1-s1-t2" name="FirstSeleniumTest">
<kw name="Log" library="BuiltIn" type="setup">
<doc>Logs the given message with the given level.</doc>
<arguments>
<arg>I am inside Test Setup</arg>
</arguments>
<msg timestamp="20210719 11:12:19.478" level="INFO">I am inside Test Setup</msg>
<status status="PASS" starttime="20210719 11:12:19.478" endtime="20210719 11:12:19.478"></status>
</kw>
<kw name="Open Browser" library="SeleniumLibrary">
<doc>Opens a new browser instance to the given ``url``.</doc>
<arguments>
<arg>https://www.google.co.in/</arg>
<arg>chrome</arg>
</arguments>
<msg timestamp="20210719 11:12:19.478" level="INFO">Opening browser 'chrome' to base url 'https://www.google.co.in/'.</msg>
<status status="PASS" starttime="20210719 11:12:19.478" endtime="20210719 11:12:23.074"></status>
</kw>
<kw name="Sleep" library="BuiltIn">
<doc>Pauses the test executed for the given time.</doc>
<arguments>
<arg>1</arg>
</arguments>
<msg timestamp="20210719 11:12:24.090" level="INFO">Slept 1 second</msg>
<status status="PASS" starttime="20210719 11:12:23.075" endtime="20210719 11:12:24.090"></status>
</kw>
<kw name="Input Text" library="SeleniumLibrary">
<doc>Types the given ``text`` into text field identified by ``locator``.</doc>
<arguments>
<arg>name=q</arg>
<arg>SaiRam</arg>
</arguments>
<msg timestamp="20210719 11:12:24.091" level="INFO">Typing text 'SaiRam' into text field 'name=q'.</msg>
<status status="PASS" starttime="20210719 11:12:24.090" endtime="20210719 11:12:24.160"></status>
</kw>
<kw name="Sleep" library="BuiltIn">
<doc>Pauses the test executed for the given time.</doc>
<arguments>
<arg>1</arg>
</arguments>
<msg timestamp="20210719 11:12:25.164" level="INFO">Slept 1 second</msg>
<status status="PASS" starttime="20210719 11:12:24.160" endtime="20210719 11:12:25.164"></status>
</kw>
<kw name="Click Button" library="SeleniumLibrary">
<doc>Clicks button identified by ``locator``.</doc>
<arguments>
<arg>name=btnK</arg>
</arguments>
<msg timestamp="20210719 11:12:25.166" level="INFO">Clicking button 'name=btnK'.</msg>
<status status="PASS" starttime="20210719 11:12:25.165" endtime="20210719 11:12:27.294"></status>
</kw>
<kw name="Close Browser" library="SeleniumLibrary">
<doc>Closes the current browser.</doc>
<status status="PASS" starttime="20210719 11:12:27.294" endtime="20210719 11:12:29.668"></status>
</kw>
<kw name="Log" library="BuiltIn" type="teardown">
<doc>Logs the given message with the given level.</doc>
<arguments>
<arg>I am inside Test Teardown</arg>
</arguments>
<msg timestamp="20210719 11:12:29.671" level="INFO">I am inside Test Teardown</msg>
<status status="PASS" starttime="20210719 11:12:29.669" endtime="20210719 11:12:29.671"></status>
</kw>
<status status="PASS" starttime="20210719 11:12:19.477" endtime="20210719 11:12:29.672" critical="yes"></status>
</test>
<test id="s1-s1-s1-t3" name="SampleLoginTest">
<kw name="Log" library="BuiltIn" type="setup">
<doc>Logs the given message with the given level.</doc>
<arguments>
<arg>I am inside Test Setup</arg>
</arguments>
<msg timestamp="20210719 11:12:29.676" level="INFO">I am inside Test Setup</msg>
<status status="PASS" starttime="20210719 11:12:29.676" endtime="20210719 11:12:29.677"></status>
</kw>
<kw name="Open Browser" library="SeleniumLibrary">
<doc>Opens a new browser instance to the given ``url``.</doc>
<arguments>
<arg>https://opensource-demo.orangehrmlive.com/</arg>
<arg>chrome</arg>
</arguments>
<msg timestamp="20210719 11:12:29.679" level="INFO">Opening browser 'chrome' to base url 'https://opensource-demo.orangehrmlive.com/'.</msg>
<status status="PASS" starttime="20210719 11:12:29.678" endtime="20210719 11:12:36.468"></status>
</kw>
<kw name="Set Browser Implicit Wait" library="SeleniumLibrary">
<doc>Sets the implicit wait value used by Selenium.</doc>
<arguments>
<arg>5</arg>
</arguments>
<status status="PASS" starttime="20210719 11:12:36.470" endtime="20210719 11:12:36.476"></status>
</kw>
<kw name="Sleep" library="BuiltIn">
<doc>Pauses the test executed for the given time.</doc>
<arguments>
<arg>1</arg>
</arguments>
<msg timestamp="20210719 11:12:37.490" level="INFO">Slept 1 second</msg>
<status status="PASS" starttime="20210719 11:12:36.477" endtime="20210719 11:12:37.491"></status>
</kw>
<kw name="LoginKW">
<kw name="Input Text" library="SeleniumLibrary">
<doc>Types the given ``text`` into text field identified by ``locator``.</doc>
<arguments>
<arg>id=txtUsername</arg>
<arg>@{CREDENTIALS}[0]</arg>
</arguments>
<msg timestamp="20210719 11:12:37.496" level="WARN">Accessing variable items using '@{CREDENTIALS}[0]' syntax is deprecated. Use '${CREDENTIALS}[0]' instead.</msg>
<msg timestamp="20210719 11:12:37.498" level="INFO">Typing text 'Admin' into text field 'id=txtUsername'.</msg>
<status status="PASS" starttime="20210719 11:12:37.495" endtime="20210719 11:12:37.684"></status>
</kw>
<kw name="Input Password" library="SeleniumLibrary">
<doc>Types the given password into text field identified by ``locator``.</doc>
<arguments>
<arg>id=txtPassword</arg>
<arg>&amp;{LOGINDATA}[Password]</arg>
</arguments>
<msg timestamp="20210719 11:12:37.685" level="WARN">Accessing variable items using '&amp;{LOGINDATA}[Password]' syntax is deprecated. Use '${LOGINDATA}[Password]' instead.</msg>
<msg timestamp="20210719 11:12:37.685" level="INFO">Typing password into text field 'id=txtPassword'.</msg>
<status status="PASS" starttime="20210719 11:12:37.684" endtime="20210719 11:12:37.780"></status>
</kw>
<kw name="Click Button" library="SeleniumLibrary">
<doc>Clicks button identified by ``locator``.</doc>
<arguments>
<arg>id=btnLogin</arg>
</arguments>
<msg timestamp="20210719 11:12:37.781" level="INFO">Clicking button 'id=btnLogin'.</msg>
<status status="PASS" starttime="20210719 11:12:37.781" endtime="20210719 11:12:43.898"></status>
</kw>
<status status="PASS" starttime="20210719 11:12:37.493" endtime="20210719 11:12:43.898"></status>
</kw>
<kw name="Click Element" library="SeleniumLibrary">
<doc>Click element identified by ``locator``.</doc>
<arguments>
<arg>id=welcome</arg>
</arguments>
<msg timestamp="20210719 11:12:43.899" level="INFO">Clicking element 'id=welcome'.</msg>
<status status="PASS" starttime="20210719 11:12:43.898" endtime="20210719 11:12:43.941"></status>
</kw>
<kw name="Click Element" library="SeleniumLibrary">
<doc>Click element identified by ``locator``.</doc>
<arguments>
<arg>link=Logout</arg>
</arguments>
<msg timestamp="20210719 11:12:43.942" level="INFO">Clicking element 'link=Logout'.</msg>
<status status="PASS" starttime="20210719 11:12:43.941" endtime="20210719 11:12:45.475"></status>
</kw>
<kw name="Close Browser" library="SeleniumLibrary">
<doc>Closes the current browser.</doc>
<status status="PASS" starttime="20210719 11:12:45.475" endtime="20210719 11:12:47.802"></status>
</kw>
<kw name="Log" library="BuiltIn">
<doc>Logs the given message with the given level.</doc>
<arguments>
<arg>Test Completed</arg>
</arguments>
<msg timestamp="20210719 11:12:47.805" level="INFO">Test Completed</msg>
<status status="PASS" starttime="20210719 11:12:47.803" endtime="20210719 11:12:47.806"></status>
</kw>
<kw name="Log" library="BuiltIn">
<doc>Logs the given message with the given level.</doc>
<arguments>
<arg>This Test was Executed by %{username} on %{os}</arg>
</arguments>
<msg timestamp="20210719 11:12:47.808" level="INFO">This Test was Executed by uthodiam on Windows_NT</msg>
<status status="PASS" starttime="20210719 11:12:47.807" endtime="20210719 11:12:47.809"></status>
</kw>
<kw name="Log" library="BuiltIn" type="teardown">
<doc>Logs the given message with the given level.</doc>
<arguments>
<arg>I am inside Test Teardown</arg>
</arguments>
<msg timestamp="20210719 11:12:47.812" level="INFO">I am inside Test Teardown</msg>
<status status="PASS" starttime="20210719 11:12:47.810" endtime="20210719 11:12:47.812"></status>
</kw>
<doc>This is Sample Login Test</doc>
<status status="PASS" starttime="20210719 11:12:29.674" endtime="20210719 11:12:47.813" critical="yes"></status>
</test>
<kw name="Log" library="BuiltIn" type="teardown">
<doc>Logs the given message with the given level.</doc>
<arguments>
<arg>I am inside Test Suite Teardown</arg>
</arguments>
<msg timestamp="20210719 11:12:47.816" level="INFO">I am inside Test Suite Teardown</msg>
<status status="PASS" starttime="20210719 11:12:47.816" endtime="20210719 11:12:47.816"></status>
</kw>
<status status="PASS" starttime="20210719 11:12:19.188" endtime="20210719 11:12:47.816"></status>
</suite>
<status status="PASS" starttime="20210719 11:12:19.184" endtime="20210719 11:12:47.820"></status>
</suite>
<status status="PASS" starttime="20210719 11:12:19.153" endtime="20210719 11:12:47.822"></status>
</suite>
<statistics>
<total>
<stat pass="3" fail="0">Critical Tests</stat>
<stat pass="3" fail="0">All Tests</stat>
</total>
<tag>
</tag>
<suite>
<stat pass="3" fail="0" id="s1" name="Robot2">Robot2</stat>
<stat pass="3" fail="0" id="s1-s1" name="Robot2">Robot2.Robot2</stat>
<stat pass="3" fail="0" id="s1-s1-s1" name="Robot TestSuit">Robot2.Robot2.Robot TestSuit</stat>
</suite>
</statistics>
<errors>
<msg timestamp="20210719 11:12:37.496" level="WARN">Accessing variable items using '@{CREDENTIALS}[0]' syntax is deprecated. Use '${CREDENTIALS}[0]' instead.</msg>
<msg timestamp="20210719 11:12:37.685" level="WARN">Accessing variable items using '&amp;{LOGINDATA}[Password]' syntax is deprecated. Use '${LOGINDATA}[Password]' instead.</msg>
</errors>
</robot>
